<?xml version="1.0" encoding="utf-8"?><testsuites name="pytest tests"><testsuite name="pytest" errors="0" failures="0" skipped="0" tests="100" time="3.470" timestamp="2026-06-25T14:26:24.204888+07:00" hostname="aiotlab-ws1"><testcase classname="tests.test_app_capabilities" name="test_health_reports_comparison_and_ocr" time="0.006" /><testcase classname="tests.test_app_capabilities" name="test_ocr_route_is_available" time="0.000" /><testcase classname="tests.test_app_capabilities" name="test_compare_package_api_accepts_one_bidder" time="0.027" /><testcase classname="tests.test_excel_compare" name="test_missing_and_zero_are_not_silently_ok" time="0.026" /><testcase classname="tests.test_excel_compare" name="test_multi_bidder_consensus_flags_outlier" time="0.038" /><testcase classname="tests.test_excel_compare" name="test_same_code_different_name_is_flagged" time="0.025" /><testcase classname="tests.test_excel_compare" name="test_duplicate_code_is_preserved_and_flagged" time="0.021" /><testcase classname="tests.test_fast_excel" name="test_calamine_reader_preserves_rows" time="0.013" /><testcase classname="tests.test_fast_excel" name="test_parallel_workbook_load" time="0.034" /><testcase classname="tests.test_fast_excel" name="test_ref_is_scanned_and_annotated" time="0.036" /><testcase classname="tests.test_grid" name="test_detect_simple_wired_table" time="0.030" /><testcase classname="tests.test_matcher" name="test_hybrid_match_is_one_to_one" time="0.001" /><testcase classname="tests.test_number_parser" name="test_parse_vietnamese_and_international_numbers" time="0.000" /><testcase classname="tests.test_ocr_high_accuracy" name="test_dense_19_column_grid_and_schema" time="0.049" /><testcase classname="tests.test_ocr_high_accuracy" name="test_parser_keeps_multiple_tables" time="0.001" /><testcase classname="tests.test_ocr_high_accuracy" name="test_zero_values_are_not_replaced_by_fallback" time="0.001" /><testcase classname="tests.test_optional_appendices" name="test_pl1_only_is_supported" time="0.100" /><testcase classname="tests.test_optional_appendices" name="test_pl2_only_uses_multiway_peer_consensus" time="0.246" /><testcase classname="tests.test_optional_appendices" name="test_single_bidder_pl1_compares_appendix_without_peer_price" time="0.078" /><testcase classname="tests.test_optional_appendices" name="test_package_multi_bidder_peer_stage_is_price_only" time="0.122" /><testcase classname="tests.test_orientation" name="test_semantic_score_prefers_valid_vietnamese_table_header" time="0.001" /><testcase classname="tests.test_orientation" name="test_orientation_selection_uses_semantic_probe" time="0.001" /><testcase classname="tests.test_orientation" name="test_dense_boq_header_rows_do_not_stop_at_second_thin_row" time="0.001" /><testcase classname="tests.test_package_mode" name="test_package_mode_uses_pl1_pl2_and_no_bidder_baseline" time="0.128" /><testcase classname="tests.test_regressions" name="test_column_number_legend_does_not_hide_normal_priced_row" time="0.001" /><testcase classname="tests.test_regressions" name="test_component_without_price_is_not_false_quality_error" time="0.009" /><testcase classname="tests.test_s1_comparison_engine" name="test_s1_ce01_equal_quantity_has_no_warning" time="0.001" /><testcase classname="tests.test_s1_comparison_engine" name="test_s1_ce02_quantity_difference_8_percent_is_warning" time="0.000" /><testcase classname="tests.test_s1_comparison_engine" name="test_s1_ce03_quantity_difference_35_percent_is_critical" time="0.000" /><testcase classname="tests.test_s1_comparison_engine" name="test_s1_ce04_unit_mismatch_is_flagged" time="0.000" /><testcase classname="tests.test_s1_comparison_engine" name="test_s1_ce05_missing_item_is_critical" time="0.000" /><testcase classname="tests.test_s1_comparison_engine" name="test_s1_ce06_extra_item_is_warning" time="0.000" /><testcase classname="tests.test_s1_comparison_engine" name="test_s1_ce07_different_sheet_is_note_not_warning" time="0.000" /><testcase classname="tests.test_s1_comparison_engine" name="test_s1_ce08_single_bidder_does_not_compare_price_against_pl01" time="0.000" /><testcase classname="tests.test_s1_comparison_engine" name="test_s1_ce09_price_outlier_is_flagged_only_in_peer_stage" time="0.001" /><testcase classname="tests.test_s1_comparison_engine" name="test_s1_ce10_formula_error_is_critical" time="0.000" /><testcase classname="tests.test_s1_comparison_engine" name="test_s1_ce11_configurable_quantity_threshold_is_used" time="0.000" /><testcase classname="tests.test_s1_file_parser" name="test_s1_fi01_parse_valid_xlsx_and_preserve_source_row" time="0.006" /><testcase classname="tests.test_s1_file_parser" name="test_s1_fi02_detect_multi_level_header" time="0.001" /><testcase classname="tests.test_s1_file_parser" name="test_s1_fi03_calamine_matrix_preserves_raw_rows" time="0.005" /><testcase classname="tests.test_s1_file_parser" name="test_s1_fi04_formula_ref_is_detected" time="0.006" /><testcase classname="tests.test_s1_file_parser" name="test_s1_fi05_four_workbooks_are_loaded_in_parallel" time="0.029" /><testcase classname="tests.test_s1_file_parser" name="test_s1_fi06_invalid_extension_is_rejected" time="0.001" /><testcase classname="tests.test_s1_file_parser" name="test_s1_fi07_corrupt_xlsx_returns_clear_error" time="0.001" /><testcase classname="tests.test_s1_file_parser" name="test_s1_fi08_duplicate_code_rows_are_preserved_and_flagged" time="0.007" /><testcase classname="tests.test_s1_file_parser" name="test_s1_fi09_component_without_price_is_not_false_error" time="0.006" /><testcase classname="tests.test_s1_normalizer" name="test_s1_nr01_parse_vietnamese_and_international_numbers[1.234.567,89-1234567.89]" time="0.001" /><testcase classname="tests.test_s1_normalizer" name="test_s1_nr01_parse_vietnamese_and_international_numbers[1,234,567.89-1234567.89]" time="0.000" /><testcase classname="tests.test_s1_normalizer" name="test_s1_nr01_parse_vietnamese_and_international_numbers[1 234 567-1234567.0]" time="0.000" /><testcase classname="tests.test_s1_normalizer" name="test_s1_nr01_parse_vietnamese_and_international_numbers[(1.000)--1000.0]" time="0.000" /><testcase classname="tests.test_s1_normalizer" name="test_s1_nr01_parse_vietnamese_and_international_numbers[-0.5--0.5]" time="0.000" /><testcase classname="tests.test_s1_normalizer" name="test_s1_nr01_parse_vietnamese_and_international_numbers[1.500.000 VN\u0110-1500000.0]" time="0.000" /><testcase classname="tests.test_s1_normalizer" name="test_s1_nr01_parse_vietnamese_and_international_numbers[0-0.0]" time="0.000" /><testcase classname="tests.test_s1_normalizer" name="test_s1_nr02_normalize_square_metre_variants[m2]" time="0.000" /><testcase classname="tests.test_s1_normalizer" name="test_s1_nr02_normalize_square_metre_variants[M2]" time="0.000" /><testcase classname="tests.test_s1_normalizer" name="test_s1_nr02_normalize_square_metre_variants[m\xb2]" time="0.000" /><testcase classname="tests.test_s1_normalizer" name="test_s1_nr02_normalize_square_metre_variants[m^2]" time="0.000" /><testcase classname="tests.test_s1_normalizer" name="test_s1_nr02_normalize_square_metre_variants[m 2]" time="0.000" /><testcase classname="tests.test_s1_normalizer" name="test_s1_nr02_normalize_square_metre_variants[m\xe9t vu\xf4ng]" time="0.000" /><testcase classname="tests.test_s1_normalizer" name="test_s1_nr02_normalize_square_metre_variants[met vuong]" time="0.000" /><testcase classname="tests.test_s1_normalizer" name="test_s1_nr03_normalize_cubic_metre_variants[m3]" time="0.000" /><testcase classname="tests.test_s1_normalizer" name="test_s1_nr03_normalize_cubic_metre_variants[M3]" time="0.000" /><testcase classname="tests.test_s1_normalizer" name="test_s1_nr03_normalize_cubic_metre_variants[m\xb3]" time="0.000" /><testcase classname="tests.test_s1_normalizer" name="test_s1_nr03_normalize_cubic_metre_variants[m^3]" time="0.000" /><testcase classname="tests.test_s1_normalizer" name="test_s1_nr03_normalize_cubic_metre_variants[m 3]" time="0.000" /><testcase classname="tests.test_s1_normalizer" name="test_s1_nr03_normalize_cubic_metre_variants[m\xe9t kh\u1ed1i]" time="0.000" /><testcase classname="tests.test_s1_normalizer" name="test_s1_nr03_normalize_cubic_metre_variants[met khoi]" time="0.000" /><testcase classname="tests.test_s1_normalizer" name="test_s1_nr04_normalize_common_units[C\xe1i-c\xe1i]" time="0.000" /><testcase classname="tests.test_s1_normalizer" name="test_s1_nr04_normalize_common_units[chi\u1ebfc-c\xe1i]" time="0.000" /><testcase classname="tests.test_s1_normalizer" name="test_s1_nr04_normalize_common_units[B\u1ed8-b\u1ed9]" time="0.000" /><testcase classname="tests.test_s1_normalizer" name="test_s1_nr04_normalize_common_units[t\u1ee7-t\u1ee7]" time="0.000" /><testcase classname="tests.test_s1_normalizer" name="test_s1_nr04_normalize_common_units[m\xe9t-m]" time="0.000" /><testcase classname="tests.test_s1_normalizer" name="test_s1_nr04_normalize_common_units[thi\u1ebft b\u1ecb-thi\u1ebft b\u1ecb]" time="0.000" /><testcase classname="tests.test_s1_normalizer" name="test_s1_nr04_normalize_common_units[kg-kg]" time="0.000" /><testcase classname="tests.test_s1_normalizer" name="test_s1_nr04_normalize_common_units[T\u1ea5n-t\u1ea5n]" time="0.000" /><testcase classname="tests.test_s1_normalizer" name="test_s1_nr04_normalize_common_units[100m-100m]" time="0.000" /><testcase classname="tests.test_s1_normalizer" name="test_s1_nr05_normalize_item_codes[M01-M-01]" time="0.000" /><testcase classname="tests.test_s1_normalizer" name="test_s1_nr05_normalize_item_codes[M.01-M-01]" time="0.000" /><testcase classname="tests.test_s1_normalizer" name="test_s1_nr05_normalize_item_codes[M/01-M-01]" time="0.002" /><testcase classname="tests.test_s1_normalizer" name="test_s1_nr05_normalize_item_codes[ AB_12 -AB-12]" time="0.000" /><testcase classname="tests.test_s1_normalizer" name="test_s1_nr05_normalize_item_codes[=A1-]" time="0.000" /><testcase classname="tests.test_s1_normalizer" name="test_s1_nr05_normalize_item_codes[-]" time="0.000" /><testcase classname="tests.test_s1_normalizer" name="test_s1_nr06_normalize_stt[ I.1 -I.1]" time="0.000" /><testcase classname="tests.test_s1_normalizer" name="test_s1_nr06_normalize_stt[1.2.3-1.2.3]" time="0.000" /><testcase classname="tests.test_s1_normalizer" name="test_s1_nr06_normalize_stt[ A-01 -A-01]" time="0.000" /><testcase classname="tests.test_s1_normalizer" name="test_s1_nr06_normalize_stt[=ROW()-1-]" time="0.000" /><testcase classname="tests.test_s1_normalizer" name="test_s1_nr06_normalize_stt[-]" time="0.000" /><testcase classname="tests.test_s1_normalizer" name="test_s1_nr07_normalize_vietnamese_names_and_symbols[T\u1ee7 \u0111i\u1ec7n LV-G.1 + LV-G.2-TU DIEN LV G 1 LV G 2]" time="0.000" /><testcase classname="tests.test_s1_normalizer" name="test_s1_nr07_normalize_vietnamese_names_and_symbols[M\xe1y b\u01a1m n\u01b0\u1edbc sinh ho\u1ea1t-MAY BOM NUOC SINH HOAT]" time="0.000" /><testcase classname="tests.test_s1_normalizer" name="test_s1_nr07_normalize_vietnamese_names_and_symbols[C\xe1p \u0111i\u1ec7n 3\xd72.5 mm\xb2-cap dien 3x2 5 mm2]" time="0.000" /><testcase classname="tests.test_s1_normalizer" name="test_s1_nr08_safe_amount_respects_explicit_zero" time="0.000" /><testcase classname="tests.test_s1_normalizer" name="test_s1_nr09_percent_delta[100-108-0.08]" time="0.000" /><testcase classname="tests.test_s1_normalizer" name="test_s1_nr09_percent_delta[100-95--0.05]" time="0.000" /><testcase classname="tests.test_s1_normalizer" name="test_s1_nr09_percent_delta[100-100-0.0]" time="0.000" /><testcase classname="tests.test_s1_normalizer" name="test_s1_nr10_hybrid_match_is_one_to_one" time="0.001" /><testcase classname="tests.test_s1_normalizer" name="test_s1_nr11_exact_name_can_match_across_different_sheets" time="0.000" /><testcase classname="tests.test_s1_normalizer" name="test_s1_nr12_different_names_are_not_forced_into_exact_name_match" time="0.066" /><testcase classname="tests.test_security" name="test_network_guard_blocks_external" time="0.002" /><testcase classname="tests.test_sheet_note_behavior" name="test_different_sheet_is_note_not_warning_when_name_and_quantity_match" time="0.001" /><testcase classname="tests.test_sheet_note_behavior" name="test_price_difference_between_bidders_still_warns_after_cross_sheet_match" time="0.002" /></testsuite></testsuites>