[1m======================================================================================== test session starts =========================================================================================[0m
platform linux -- Python 3.11.15, pytest-8.4.2, pluggy-1.6.0 -- /hdd3/vinhnv/envs/hsmt/bin/python
cachedir: .pytest_cache
rootdir: /hdd3/vinhnv/HSMT_Enterprise_AI_v8_3_SingleBidder_AppendixCompare
configfile: pyproject.toml
plugins: anyio-4.14.0
[1mcollecting ... [0m[1mcollecting 0 items                                                                                                                                                                                   [0m[1mcollected 100 items                                                                                                                                                                                  [0m

tests/test_app_capabilities.py::test_health_reports_comparison_and_ocr [32mPASSED[0m[33m                                                                                                                  [  1%][0m
tests/test_app_capabilities.py::test_ocr_route_is_available [32mPASSED[0m[33m                                                                                                                             [  2%][0m
tests/test_app_capabilities.py::test_compare_package_api_accepts_one_bidder [32mPASSED[0m[33m                                                                                                             [  3%][0m
tests/test_excel_compare.py::test_missing_and_zero_are_not_silently_ok [32mPASSED[0m[33m                                                                                                                  [  4%][0m
tests/test_excel_compare.py::test_multi_bidder_consensus_flags_outlier [32mPASSED[0m[33m                                                                                                                  [  5%][0m
tests/test_excel_compare.py::test_same_code_different_name_is_flagged [32mPASSED[0m[33m                                                                                                                   [  6%][0m
tests/test_excel_compare.py::test_duplicate_code_is_preserved_and_flagged [32mPASSED[0m[33m                                                                                                               [  7%][0m
tests/test_fast_excel.py::test_calamine_reader_preserves_rows [32mPASSED[0m[33m                                                                                                                           [  8%][0m
tests/test_fast_excel.py::test_parallel_workbook_load [32mPASSED[0m[33m                                                                                                                                   [  9%][0m
tests/test_fast_excel.py::test_ref_is_scanned_and_annotated [32mPASSED[0m[33m                                                                                                                             [ 10%][0m
tests/test_grid.py::test_detect_simple_wired_table [32mPASSED[0m[33m                                                                                                                                      [ 11%][0m
tests/test_matcher.py::test_hybrid_match_is_one_to_one [32mPASSED[0m[33m                                                                                                                                  [ 12%][0m
tests/test_number_parser.py::test_parse_vietnamese_and_international_numbers [32mPASSED[0m[33m                                                                                                            [ 13%][0m
tests/test_ocr_high_accuracy.py::test_dense_19_column_grid_and_schema [32mPASSED[0m[33m                                                                                                                   [ 14%][0m
tests/test_ocr_high_accuracy.py::test_parser_keeps_multiple_tables [32mPASSED[0m[33m                                                                                                                      [ 15%][0m
tests/test_ocr_high_accuracy.py::test_zero_values_are_not_replaced_by_fallback [32mPASSED[0m[33m                                                                                                          [ 16%][0m
tests/test_optional_appendices.py::test_pl1_only_is_supported [32mPASSED[0m[33m                                                                                                                           [ 17%][0m
tests/test_optional_appendices.py::test_pl2_only_uses_multiway_peer_consensus [32mPASSED[0m[33m                                                                                                           [ 18%][0m
tests/test_optional_appendices.py::test_single_bidder_pl1_compares_appendix_without_peer_price [32mPASSED[0m[33m                                                                                          [ 19%][0m
tests/test_optional_appendices.py::test_package_multi_bidder_peer_stage_is_price_only [32mPASSED[0m[33m                                                                                                   [ 20%][0m
tests/test_orientation.py::test_semantic_score_prefers_valid_vietnamese_table_header [32mPASSED[0m[33m                                                                                                    [ 21%][0m
tests/test_orientation.py::test_orientation_selection_uses_semantic_probe [32mPASSED[0m[33m                                                                                                               [ 22%][0m
tests/test_orientation.py::test_dense_boq_header_rows_do_not_stop_at_second_thin_row [32mPASSED[0m[33m                                                                                                    [ 23%][0m
tests/test_package_mode.py::test_package_mode_uses_pl1_pl2_and_no_bidder_baseline [32mPASSED[0m[33m                                                                                                       [ 24%][0m
tests/test_regressions.py::test_column_number_legend_does_not_hide_normal_priced_row [32mPASSED[0m[33m                                                                                                    [ 25%][0m
tests/test_regressions.py::test_component_without_price_is_not_false_quality_error [32mPASSED[0m[33m                                                                                                      [ 26%][0m
tests/test_s1_comparison_engine.py::test_s1_ce01_equal_quantity_has_no_warning [32mPASSED[0m[33m                                                                                                          [ 27%][0m
tests/test_s1_comparison_engine.py::test_s1_ce02_quantity_difference_8_percent_is_warning [32mPASSED[0m[33m                                                                                               [ 28%][0m
tests/test_s1_comparison_engine.py::test_s1_ce03_quantity_difference_35_percent_is_critical [32mPASSED[0m[33m                                                                                             [ 29%][0m
tests/test_s1_comparison_engine.py::test_s1_ce04_unit_mismatch_is_flagged [32mPASSED[0m[33m                                                                                                               [ 30%][0m
tests/test_s1_comparison_engine.py::test_s1_ce05_missing_item_is_critical [32mPASSED[0m[33m                                                                                                               [ 31%][0m
tests/test_s1_comparison_engine.py::test_s1_ce06_extra_item_is_warning [32mPASSED[0m[33m                                                                                                                  [ 32%][0m
tests/test_s1_comparison_engine.py::test_s1_ce07_different_sheet_is_note_not_warning [32mPASSED[0m[33m                                                                                                    [ 33%][0m
tests/test_s1_comparison_engine.py::test_s1_ce08_single_bidder_does_not_compare_price_against_pl01 [32mPASSED[0m[33m                                                                                      [ 34%][0m
tests/test_s1_comparison_engine.py::test_s1_ce09_price_outlier_is_flagged_only_in_peer_stage [32mPASSED[0m[33m                                                                                            [ 35%][0m
tests/test_s1_comparison_engine.py::test_s1_ce10_formula_error_is_critical [32mPASSED[0m[33m                                                                                                              [ 36%][0m
tests/test_s1_comparison_engine.py::test_s1_ce11_configurable_quantity_threshold_is_used [32mPASSED[0m[33m                                                                                                [ 37%][0m
tests/test_s1_file_parser.py::test_s1_fi01_parse_valid_xlsx_and_preserve_source_row [32mPASSED[0m[33m                                                                                                     [ 38%][0m
tests/test_s1_file_parser.py::test_s1_fi02_detect_multi_level_header [32mPASSED[0m[33m                                                                                                                    [ 39%][0m
tests/test_s1_file_parser.py::test_s1_fi03_calamine_matrix_preserves_raw_rows [32mPASSED[0m[33m                                                                                                           [ 40%][0m
tests/test_s1_file_parser.py::test_s1_fi04_formula_ref_is_detected [32mPASSED[0m[33m                                                                                                                      [ 41%][0m
tests/test_s1_file_parser.py::test_s1_fi05_four_workbooks_are_loaded_in_parallel [32mPASSED[0m[33m                                                                                                        [ 42%][0m
tests/test_s1_file_parser.py::test_s1_fi06_invalid_extension_is_rejected [32mPASSED[0m[33m                                                                                                                [ 43%][0m
tests/test_s1_file_parser.py::test_s1_fi07_corrupt_xlsx_returns_clear_error [32mPASSED[0m[33m                                                                                                             [ 44%][0m
tests/test_s1_file_parser.py::test_s1_fi08_duplicate_code_rows_are_preserved_and_flagged [32mPASSED[0m[33m                                                                                                [ 45%][0m
tests/test_s1_file_parser.py::test_s1_fi09_component_without_price_is_not_false_error [32mPASSED[0m[33m                                                                                                   [ 46%][0m
tests/test_s1_normalizer.py::test_s1_nr01_parse_vietnamese_and_international_numbers[1.234.567,89-1234567.89] [32mPASSED[0m[33m                                                                           [ 47%][0m
tests/test_s1_normalizer.py::test_s1_nr01_parse_vietnamese_and_international_numbers[1,234,567.89-1234567.89] [32mPASSED[0m[33m                                                                           [ 48%][0m
tests/test_s1_normalizer.py::test_s1_nr01_parse_vietnamese_and_international_numbers[1 234 567-1234567.0] [32mPASSED[0m[33m                                                                               [ 49%][0m
tests/test_s1_normalizer.py::test_s1_nr01_parse_vietnamese_and_international_numbers[(1.000)--1000.0] [32mPASSED[0m[33m                                                                                   [ 50%][0m
tests/test_s1_normalizer.py::test_s1_nr01_parse_vietnamese_and_international_numbers[-0.5--0.5] [32mPASSED[0m[33m                                                                                         [ 51%][0m
tests/test_s1_normalizer.py::test_s1_nr01_parse_vietnamese_and_international_numbers[1.500.000 VN\u0110-1500000.0] [32mPASSED[0m[33m                                                                      [ 52%][0m
tests/test_s1_normalizer.py::test_s1_nr01_parse_vietnamese_and_international_numbers[0-0.0] [32mPASSED[0m[33m                                                                                             [ 53%][0m
tests/test_s1_normalizer.py::test_s1_nr02_normalize_square_metre_variants[m2] [32mPASSED[0m[33m                                                                                                           [ 54%][0m
tests/test_s1_normalizer.py::test_s1_nr02_normalize_square_metre_variants[M2] [32mPASSED[0m[33m                                                                                                           [ 55%][0m
tests/test_s1_normalizer.py::test_s1_nr02_normalize_square_metre_variants[m\xb2] [32mPASSED[0m[33m                                                                                                        [ 56%][0m
tests/test_s1_normalizer.py::test_s1_nr02_normalize_square_metre_variants[m^2] [32mPASSED[0m[33m                                                                                                          [ 57%][0m
tests/test_s1_normalizer.py::test_s1_nr02_normalize_square_metre_variants[m 2] [32mPASSED[0m[33m                                                                                                          [ 58%][0m
tests/test_s1_normalizer.py::test_s1_nr02_normalize_square_metre_variants[m\xe9t vu\xf4ng] [32mPASSED[0m[33m                                                                                              [ 59%][0m
tests/test_s1_normalizer.py::test_s1_nr02_normalize_square_metre_variants[met vuong] [32mPASSED[0m[33m                                                                                                    [ 60%][0m
tests/test_s1_normalizer.py::test_s1_nr03_normalize_cubic_metre_variants[m3] [32mPASSED[0m[33m                                                                                                            [ 61%][0m
tests/test_s1_normalizer.py::test_s1_nr03_normalize_cubic_metre_variants[M3] [32mPASSED[0m[33m                                                                                                            [ 62%][0m
tests/test_s1_normalizer.py::test_s1_nr03_normalize_cubic_metre_variants[m\xb3] [32mPASSED[0m[33m                                                                                                         [ 63%][0m
tests/test_s1_normalizer.py::test_s1_nr03_normalize_cubic_metre_variants[m^3] [32mPASSED[0m[33m                                                                                                           [ 64%][0m
tests/test_s1_normalizer.py::test_s1_nr03_normalize_cubic_metre_variants[m 3] [32mPASSED[0m[33m                                                                                                           [ 65%][0m
tests/test_s1_normalizer.py::test_s1_nr03_normalize_cubic_metre_variants[m\xe9t kh\u1ed1i] [32mPASSED[0m[33m                                                                                              [ 66%][0m
tests/test_s1_normalizer.py::test_s1_nr03_normalize_cubic_metre_variants[met khoi] [32mPASSED[0m[33m                                                                                                      [ 67%][0m
tests/test_s1_normalizer.py::test_s1_nr04_normalize_common_units[C\xe1i-c\xe1i] [32mPASSED[0m[33m                                                                                                         [ 68%][0m
tests/test_s1_normalizer.py::test_s1_nr04_normalize_common_units[chi\u1ebfc-c\xe1i] [32mPASSED[0m[33m                                                                                                     [ 69%][0m
tests/test_s1_normalizer.py::test_s1_nr04_normalize_common_units[B\u1ed8-b\u1ed9] [32mPASSED[0m[33m                                                                                                       [ 70%][0m
tests/test_s1_normalizer.py::test_s1_nr04_normalize_common_units[t\u1ee7-t\u1ee7] [32mPASSED[0m[33m                                                                                                       [ 71%][0m
tests/test_s1_normalizer.py::test_s1_nr04_normalize_common_units[m\xe9t-m] [32mPASSED[0m[33m                                                                                                              [ 72%][0m
tests/test_s1_normalizer.py::test_s1_nr04_normalize_common_units[thi\u1ebft b\u1ecb-thi\u1ebft b\u1ecb] [32mPASSED[0m[33m                                                                                 [ 73%][0m
tests/test_s1_normalizer.py::test_s1_nr04_normalize_common_units[kg-kg] [32mPASSED[0m[33m                                                                                                                 [ 74%][0m
tests/test_s1_normalizer.py::test_s1_nr04_normalize_common_units[T\u1ea5n-t\u1ea5n] [32mPASSED[0m[33m                                                                                                     [ 75%][0m
tests/test_s1_normalizer.py::test_s1_nr04_normalize_common_units[100m-100m] [32mPASSED[0m[33m                                                                                                             [ 76%][0m
tests/test_s1_normalizer.py::test_s1_nr05_normalize_item_codes[M01-M-01] [32mPASSED[0m[33m                                                                                                                [ 77%][0m
tests/test_s1_normalizer.py::test_s1_nr05_normalize_item_codes[M.01-M-01] [32mPASSED[0m[33m                                                                                                               [ 78%][0m
tests/test_s1_normalizer.py::test_s1_nr05_normalize_item_codes[M/01-M-01] [32mPASSED[0m[33m                                                                                                               [ 79%][0m
tests/test_s1_normalizer.py::test_s1_nr05_normalize_item_codes[ AB_12 -AB-12] [32mPASSED[0m[33m                                                                                                           [ 80%][0m
tests/test_s1_normalizer.py::test_s1_nr05_normalize_item_codes[=A1-] [32mPASSED[0m[33m                                                                                                                    [ 81%][0m
tests/test_s1_normalizer.py::test_s1_nr05_normalize_item_codes[-] [32mPASSED[0m[33m                                                                                                                       [ 82%][0m
tests/test_s1_normalizer.py::test_s1_nr06_normalize_stt[ I.1 -I.1] [32mPASSED[0m[33m                                                                                                                      [ 83%][0m
tests/test_s1_normalizer.py::test_s1_nr06_normalize_stt[1.2.3-1.2.3] [32mPASSED[0m[33m                                                                                                                    [ 84%][0m
tests/test_s1_normalizer.py::test_s1_nr06_normalize_stt[ A-01 -A-01] [32mPASSED[0m[33m                                                                                                                    [ 85%][0m
tests/test_s1_normalizer.py::test_s1_nr06_normalize_stt[=ROW()-1-] [32mPASSED[0m[33m                                                                                                                      [ 86%][0m
tests/test_s1_normalizer.py::test_s1_nr06_normalize_stt[-] [32mPASSED[0m[33m                                                                                                                              [ 87%][0m
tests/test_s1_normalizer.py::test_s1_nr07_normalize_vietnamese_names_and_symbols[T\u1ee7 \u0111i\u1ec7n LV-G.1 + LV-G.2-TU DIEN LV G 1 LV G 2] [32mPASSED[0m[33m                                          [ 88%][0m
tests/test_s1_normalizer.py::test_s1_nr07_normalize_vietnamese_names_and_symbols[M\xe1y b\u01a1m n\u01b0\u1edbc sinh ho\u1ea1t-MAY BOM NUOC SINH HOAT] [32mPASSED[0m[33m                                  [ 89%][0m
tests/test_s1_normalizer.py::test_s1_nr07_normalize_vietnamese_names_and_symbols[C\xe1p \u0111i\u1ec7n 3\xd72.5 mm\xb2-cap dien 3x2 5 mm2] [32mPASSED[0m[33m                                              [ 90%][0m
tests/test_s1_normalizer.py::test_s1_nr08_safe_amount_respects_explicit_zero [32mPASSED[0m[33m                                                                                                            [ 91%][0m
tests/test_s1_normalizer.py::test_s1_nr09_percent_delta[100-108-0.08] [32mPASSED[0m[33m                                                                                                                   [ 92%][0m
tests/test_s1_normalizer.py::test_s1_nr09_percent_delta[100-95--0.05] [32mPASSED[0m[33m                                                                                                                   [ 93%][0m
tests/test_s1_normalizer.py::test_s1_nr09_percent_delta[100-100-0.0] [32mPASSED[0m[33m                                                                                                                    [ 94%][0m
tests/test_s1_normalizer.py::test_s1_nr10_hybrid_match_is_one_to_one [32mPASSED[0m[33m                                                                                                                    [ 95%][0m
tests/test_s1_normalizer.py::test_s1_nr11_exact_name_can_match_across_different_sheets [32mPASSED[0m[33m                                                                                                  [ 96%][0m
tests/test_s1_normalizer.py::test_s1_nr12_different_names_are_not_forced_into_exact_name_match [32mPASSED[0m[33m                                                                                          [ 97%][0m
tests/test_security.py::test_network_guard_blocks_external [32mPASSED[0m[33m                                                                                                                              [ 98%][0m
tests/test_sheet_note_behavior.py::test_different_sheet_is_note_not_warning_when_name_and_quantity_match [32mPASSED[0m[33m                                                                                [ 99%][0m
tests/test_sheet_note_behavior.py::test_price_difference_between_bidders_still_warns_after_cross_sheet_match [32mPASSED[0m[33m                                                                            [100%][0m

[33m========================================================================================== warnings summary ==========================================================================================[0m
../envs/hsmt/lib/python3.11/site-packages/fastapi/testclient.py:1
  /hdd3/vinhnv/envs/hsmt/lib/python3.11/site-packages/fastapi/testclient.py:1: StarletteDeprecationWarning: Using `httpx` with `starlette.testclient` is deprecated; install `httpx2` instead.
    from starlette.testclient import TestClient as TestClient  # noqa

-- Docs: https://docs.pytest.org/en/stable/how-to/capture-warnings.html
-------------------------- generated xml file: /hdd3/vinhnv/HSMT_Enterprise_AI_v8_3_SingleBidder_AppendixCompare/reports/test_reports/test_report_20260625_142624/junit.xml --------------------------
[33m=================================================================================== [32m100 passed[0m, [33m[1m1 warning[0m[33m in 3.47s[0m[33m ===================================================================================[0m
